d:\студенчество\3 семестр\ооп\carclass\carclass2\carclass2\carclass2\x64\debug\vc143.pdb
d:\студенчество\3 семестр\ооп\carclass\carclass2\carclass2\carclass2\x64\debug\vc143.idb
d:\студенчество\3 семестр\ооп\carclass\carclass2\carclass2\carclass2\x64\debug\main.obj
d:\студенчество\3 семестр\ооп\carclass\carclass2\carclass2\carclass2\x64\debug\carclass2.obj
d:\студенчество\3 семестр\ооп\carclass\carclass2\carclass2\carclass2\x64\debug\carclass2.ilk
d:\студенчество\3 семестр\ооп\carclass\carclass2\carclass2\x64\debug\carclass2.pdb
d:\студенчество\3 семестр\ооп\carclass\carclass2\carclass2\carclass2\x64\debug\carclass2.tlog\cl.command.1.tlog
d:\студенчество\3 семестр\ооп\carclass\carclass2\carclass2\carclass2\x64\debug\carclass2.tlog\cl.items.tlog
d:\студенчество\3 семестр\ооп\carclass\carclass2\carclass2\carclass2\x64\debug\carclass2.tlog\cl.read.1.tlog
d:\студенчество\3 семестр\ооп\carclass\carclass2\carclass2\carclass2\x64\debug\carclass2.tlog\cl.write.1.tlog
d:\студенчество\3 семестр\ооп\carclass\carclass2\carclass2\carclass2\x64\debug\carclass2.tlog\link-cvtres.read.1.tlog
d:\студенчество\3 семестр\ооп\carclass\carclass2\carclass2\carclass2\x64\debug\carclass2.tlog\link-cvtres.write.1.tlog
d:\студенчество\3 семестр\ооп\carclass\carclass2\carclass2\carclass2\x64\debug\carclass2.tlog\link-rc.read.1.tlog
d:\студенчество\3 семестр\ооп\carclass\carclass2\carclass2\carclass2\x64\debug\carclass2.tlog\link-rc.write.1.tlog
d:\студенчество\3 семестр\ооп\carclass\carclass2\carclass2\carclass2\x64\debug\carclass2.tlog\link.10592-cvtres.read.1.tlog
d:\студенчество\3 семестр\ооп\carclass\carclass2\carclass2\carclass2\x64\debug\carclass2.tlog\link.10592-cvtres.write.1.tlog
d:\студенчество\3 семестр\ооп\carclass\carclass2\carclass2\carclass2\x64\debug\carclass2.tlog\link.10592-rc.read.1.tlog
d:\студенчество\3 семестр\ооп\carclass\carclass2\carclass2\carclass2\x64\debug\carclass2.tlog\link.10592-rc.write.1.tlog
d:\студенчество\3 семестр\ооп\carclass\carclass2\carclass2\carclass2\x64\debug\carclass2.tlog\link.10592.read.1.tlog
d:\студенчество\3 семестр\ооп\carclass\carclass2\carclass2\carclass2\x64\debug\carclass2.tlog\link.10592.read.2.tlog
d:\студенчество\3 семестр\ооп\carclass\carclass2\carclass2\carclass2\x64\debug\carclass2.tlog\link.10592.write.1.tlog
d:\студенчество\3 семестр\ооп\carclass\carclass2\carclass2\carclass2\x64\debug\carclass2.tlog\link.command.1.tlog
d:\студенчество\3 семестр\ооп\carclass\carclass2\carclass2\carclass2\x64\debug\carclass2.tlog\link.read.1.tlog
d:\студенчество\3 семестр\ооп\carclass\carclass2\carclass2\carclass2\x64\debug\carclass2.tlog\link.read.2.tlog
d:\студенчество\3 семестр\ооп\carclass\carclass2\carclass2\carclass2\x64\debug\carclass2.tlog\link.secondary.1.tlog
d:\студенчество\3 семестр\ооп\carclass\carclass2\carclass2\carclass2\x64\debug\carclass2.tlog\link.write.1.tlog
